<?xml version="1.0" encoding="UTF-8"?>
<testExecutions version="1">
  <file path="/home/natanael/Documents/Projects/repos/edupro-server/test/unit/controller/v1/students.controller.spec.ts">
    <testCase name="StudentsController should be defined" duration="17"/>
    <testCase name="StudentsController create should create a new student" duration="5"/>
    <testCase name="StudentsController findAll should find all students" duration="3"/>
    <testCase name="StudentsController findOne should find a student by id" duration="3"/>
    <testCase name="StudentsController update should update a student" duration="4"/>
    <testCase name="StudentsController remove should remove a student" duration="2"/>
  </file>
</testExecutions>